2026-07-18T12:11:40 START run_id=gpu-rl-arch-20260718T101140Z device=cuda gpu=NVIDIA GeForce RTX 3090 torch=2.6.0+cu124 cuda_available=True dual_cosine_baseline=0.8203 target_iters=270000
2026-07-18T12:11:41 NEW_CHAMPION iter=1 residual=0.8020 delta_vs_dual=-0.0184 arch={'depth': 1, 'width': 2, 'act': 'tanh', 'ops': ['soft_seam', 'pin', 'polish', 'dual_cosine'], 'wet': 0.16622292890774085, 'fir': [0.10034141283141036, 0.5420108793666536, 0.3974317861535281], 'cell_kind': 'mlp'}
2026-07-18T12:11:41 progress 1/270000 branch=nas residual=0.8020 champ=0.8020 baseline=0.8203 converged=False gpu_mem_mb=16.4 iters_per_sec=3.88 elapsed_h=0.000
2026-07-18T12:11:41 NEW_CHAMPION iter=2 residual=0.8332 delta_vs_dual=+0.0129 arch={'depth': 1, 'width': 4, 'act': 'tanh', 'ops': ['soft_seam', 'pin', 'polish', 'dual_cosine'], 'wet': 0.16622292890774085, 'fir': [0.10034141283141036, 0.5420108793666536, 0.3974317861535281], 'cell_kind': 'mlp'}
2026-07-18T12:11:41 NEW_CHAMPION iter=3 residual=0.8346 delta_vs_dual=+0.0143 arch={'depth': 2, 'width': 4, 'act': 'tanh', 'ops': ['soft_seam', 'pin', 'polish', 'dual_cosine'], 'wet': 0.16622292890774085, 'fir': [0.10034141283141036, 0.5420108793666536, 0.3974317861535281], 'cell_kind': 'mlp'}
2026-07-18T12:11:42 NEW_CHAMPION iter=7 residual=0.8706 delta_vs_dual=+0.0503 arch={'depth': 3, 'width': 16, 'act': 'tanh', 'ops': ['classic', 'dual_cosine', 'mlp_seam', 'soft_seam', 'fir3'], 'wet': 0.37701622723626593, 'fir': [0.309290451870273, 0.5320969568924807, 0.4934770140709422], 'cell_kind': 'gated'}
2026-07-18T12:11:43 NEW_CHAMPION iter=19 residual=0.9497 delta_vs_dual=+0.1294 arch={'depth': 3, 'width': 6, 'act': 'gelu', 'ops': ['mlp_seam', 'fade_pull'], 'wet': 0.39711448845923525, 'fir': [0.24940523018701394, 0.5019848171088053, 0.4049587667009422], 'cell_kind': 'gated'}
2026-07-18T12:11:43 NEW_CHAMPION iter=23 residual=0.9516 delta_vs_dual=+0.1313 arch={'depth': 3, 'width': 4, 'act': 'gelu', 'ops': ['mlp_seam', 'fade_pull'], 'wet': 0.38828761446343035, 'fir': [0.24940523018701394, 0.5019848171088053, 0.4049587667009422], 'cell_kind': 'gated'}
2026-07-18T12:11:43 progress 25/270000 branch=nas residual=0.8305 champ=0.9516 baseline=0.8203 converged=False gpu_mem_mb=16.4 iters_per_sec=9.69 elapsed_h=0.001
2026-07-18T12:11:44 NEW_CHAMPION iter=26 residual=0.9550 delta_vs_dual=+0.1347 arch={'depth': 3, 'width': 4, 'act': 'gelu', 'ops': ['fade_pull'], 'wet': 0.3422032272466517, 'fir': [0.24940523018701394, 0.5019848171088053, 0.4049587667009422], 'cell_kind': 'gated'}
2026-07-18T12:11:44 NEW_CHAMPION iter=28 residual=0.9686 delta_vs_dual=+0.1482 arch={'depth': 3, 'width': 4, 'act': 'tanh', 'ops': ['pin', 'mlp_seam', 'polish'], 'wet': 0.8090078252833018, 'fir': [0.18757833840600036, 0.15553447655866537, 0.18983862754468517], 'cell_kind': 'mlp'}
2026-07-18T12:11:44 NEW_CHAMPION iter=29 residual=0.9691 delta_vs_dual=+0.1488 arch={'depth': 2, 'width': 4, 'act': 'relu', 'ops': ['pin', 'mlp_seam', 'polish'], 'wet': 0.8090078252833018, 'fir': [0.18757833840600036, 0.15553447655866537, 0.18983862754468517], 'cell_kind': 'mlp'}
2026-07-18T12:11:44 NEW_CHAMPION iter=30 residual=0.9696 delta_vs_dual=+0.1493 arch={'depth': 2, 'width': 4, 'act': 'relu', 'ops': ['pin', 'polish'], 'wet': 0.8090078252833018, 'fir': [0.18757833840600036, 0.15553447655866537, 0.18983862754468517], 'cell_kind': 'mlp'}
2026-07-18T12:11:44 NEW_CHAMPION iter=32 residual=0.9725 delta_vs_dual=+0.1522 arch={'depth': 1, 'width': 2, 'act': 'relu', 'ops': ['pin', 'polish'], 'wet': 0.8090078252833018, 'fir': [0.18757833840600036, 0.15553447655866537, 0.18983862754468517], 'cell_kind': 'mlp'}
2026-07-18T12:11:45 NEW_CHAMPION iter=38 residual=0.9751 delta_vs_dual=+0.1548 arch={'depth': 1, 'width': 2, 'act': 'relu', 'ops': ['pin', 'polish'], 'wet': 0.626607597531427, 'fir': [0.18757833840600036, 0.15553447655866537, 0.18983862754468517], 'cell_kind': 'mlp'}
2026-07-18T12:11:46 progress 50/270000 branch=combo residual=0.9696 champ=0.9751 baseline=0.8203 converged=False gpu_mem_mb=16.4 iters_per_sec=10.63 elapsed_h=0.001
2026-07-18T12:11:48 progress 75/270000 branch=rl residual=0.9694 champ=0.9751 baseline=0.8203 converged=False gpu_mem_mb=16.4 iters_per_sec=11.26 elapsed_h=0.002
2026-07-18T12:11:50 progress 100/270000 branch=nas residual=0.8261 champ=0.9751 baseline=0.8203 converged=False gpu_mem_mb=16.4 iters_per_sec=11.46 elapsed_h=0.002
2026-07-18T12:11:52 progress 125/270000 branch=combo residual=0.9694 champ=0.9751 baseline=0.8203 converged=False gpu_mem_mb=16.4 iters_per_sec=11.51 elapsed_h=0.003
2026-07-18T12:11:54 progress 150/270000 branch=rl residual=0.9705 champ=0.9751 baseline=0.8203 converged=False gpu_mem_mb=16.4 iters_per_sec=11.53 elapsed_h=0.004
2026-07-18T12:11:56 progress 175/270000 branch=nas residual=0.8324 champ=0.9751 baseline=0.8203 converged=False gpu_mem_mb=16.4 iters_per_sec=11.47 elapsed_h=0.004
2026-07-18T12:11:59 NEW_CHAMPION iter=195 residual=0.9753 delta_vs_dual=+0.1550 arch={'depth': 1, 'width': 2, 'act': 'relu', 'ops': ['pin', 'polish'], 'wet': 0.626607597531427, 'fir': [0.18757833840600036, 0.15553447655866537, 0.18983862754468517], 'cell_kind': 'mlp'}
2026-07-18T12:12:00 progress 200/270000 branch=combo residual=0.8310 champ=0.9753 baseline=0.8203 converged=False gpu_mem_mb=16.4 iters_per_sec=10.62 elapsed_h=0.005
2026-07-18T12:12:03 progress 225/270000 branch=rl residual=0.9729 champ=0.9753 baseline=0.8203 converged=False gpu_mem_mb=16.4 iters_per_sec=10.05 elapsed_h=0.006
2026-07-18T12:12:06 progress 250/270000 branch=nas residual=0.8269 champ=0.9753 baseline=0.8203 converged=False gpu_mem_mb=16.4 iters_per_sec=10.10 elapsed_h=0.007
2026-07-18T12:12:06 CHECKPOINT iter=250 wrote C:\Users\Julian\Documents\Programming\github\reeldemo\reelsynth\brand\artifacts\models\gpu-rl-arch-20260718T101140Z\checkpoints\ckpt_iter_000250.json
2026-07-18T12:12:08 progress 275/270000 branch=combo residual=0.9698 champ=0.9753 baseline=0.8203 converged=False gpu_mem_mb=16.4 iters_per_sec=10.21 elapsed_h=0.007
2026-07-18T12:12:10 progress 300/270000 branch=rl residual=0.9702 champ=0.9753 baseline=0.8203 converged=False gpu_mem_mb=16.4 iters_per_sec=10.36 elapsed_h=0.008
2026-07-18T12:12:12 progress 325/270000 branch=nas residual=0.8404 champ=0.9753 baseline=0.8203 converged=False gpu_mem_mb=16.4 iters_per_sec=10.43 elapsed_h=0.009
